2024-03-25T08:39:11.552-07:00  INFO 12652 --- [restartedMain] o.j.iScheduler.ISchedulerApplication     : Starting ISchedulerApplication using Java 21.0.2 with PID 12652 (C:\Users\JLima\IdeaProjects\iScheduler\target\classes started by jlima in C:\Users\JLima\IdeaProjects\iScheduler)
2024-03-25T08:39:11.553-07:00  INFO 12652 --- [restartedMain] o.j.iScheduler.ISchedulerApplication     : No active profile set, falling back to 1 default profile: "default"
2024-03-25T08:39:11.574-07:00  INFO 12652 --- [restartedMain] .e.DevToolsPropertyDefaultsPostProcessor : Devtools property defaults active! Set 'spring.devtools.add-properties' to 'false' to disable
2024-03-25T08:39:11.574-07:00  INFO 12652 --- [restartedMain] .e.DevToolsPropertyDefaultsPostProcessor : For additional web related logging consider setting the 'logging.level.web' property to 'DEBUG'
2024-03-25T08:39:11.916-07:00  INFO 12652 --- [restartedMain] .s.d.r.c.RepositoryConfigurationDelegate : Bootstrapping Spring Data JPA repositories in DEFAULT mode.
2024-03-25T08:39:11.947-07:00  INFO 12652 --- [restartedMain] .s.d.r.c.RepositoryConfigurationDelegate : Finished Spring Data repository scanning in 27 ms. Found 4 JPA repository interfaces.
2024-03-25T08:39:12.236-07:00  INFO 12652 --- [restartedMain] o.s.b.w.embedded.tomcat.TomcatWebServer  : Tomcat initialized with port 8080 (http)
2024-03-25T08:39:12.242-07:00  INFO 12652 --- [restartedMain] o.apache.catalina.core.StandardService   : Starting service [Tomcat]
2024-03-25T08:39:12.242-07:00  INFO 12652 --- [restartedMain] o.apache.catalina.core.StandardEngine    : Starting Servlet engine: [Apache Tomcat/10.1.19]
2024-03-25T08:39:12.265-07:00  INFO 12652 --- [restartedMain] o.a.c.c.C.[Tomcat].[localhost].[/]       : Initializing Spring embedded WebApplicationContext
2024-03-25T08:39:12.265-07:00  INFO 12652 --- [restartedMain] w.s.c.ServletWebServerApplicationContext : Root WebApplicationContext: initialization completed in 689 ms
2024-03-25T08:39:12.347-07:00  INFO 12652 --- [restartedMain] o.hibernate.jpa.internal.util.LogHelper  : HHH000204: Processing PersistenceUnitInfo [name: default]
2024-03-25T08:39:12.371-07:00  INFO 12652 --- [restartedMain] org.hibernate.Version                    : HHH000412: Hibernate ORM core version 6.4.4.Final
2024-03-25T08:39:12.385-07:00  INFO 12652 --- [restartedMain] o.h.c.internal.RegionFactoryInitiator    : HHH000026: Second-level cache disabled
2024-03-25T08:39:12.493-07:00  INFO 12652 --- [restartedMain] o.s.o.j.p.SpringPersistenceUnitInfo      : No LoadTimeWeaver setup: ignoring JPA class transformer
2024-03-25T08:39:12.509-07:00  INFO 12652 --- [restartedMain] com.zaxxer.hikari.HikariDataSource       : HikariPool-1 - Starting...
2024-03-25T08:39:12.663-07:00  INFO 12652 --- [restartedMain] com.zaxxer.hikari.pool.HikariPool        : HikariPool-1 - Added connection com.mysql.cj.jdbc.ConnectionImpl@1686e86c
2024-03-25T08:39:12.664-07:00  INFO 12652 --- [restartedMain] com.zaxxer.hikari.HikariDataSource       : HikariPool-1 - Start completed.
2024-03-25T08:39:13.203-07:00  INFO 12652 --- [restartedMain] o.h.e.t.j.p.i.JtaPlatformInitiator       : HHH000489: No JTA platform available (set 'hibernate.transaction.jta.platform' to enable JTA platform integration)
2024-03-25T08:39:13.246-07:00  INFO 12652 --- [restartedMain] j.LocalContainerEntityManagerFactoryBean : Initialized JPA EntityManagerFactory for persistence unit 'default'
2024-03-25T08:39:13.250-07:00  INFO 12652 --- [restartedMain] f.a.AutowiredAnnotationBeanPostProcessor : Autowired annotation is not supported on static methods: public static org.springframework.security.crypto.password.PasswordEncoder org.jonlima.iScheduler.config.SpringSecurity.passwordEncoder()
2024-03-25T08:39:13.445-07:00  INFO 12652 --- [restartedMain] o.s.d.j.r.query.QueryEnhancerFactory     : Hibernate is in classpath; If applicable, HQL parser will be used.
2024-03-25T08:39:13.635-07:00  WARN 12652 --- [restartedMain] JpaBaseConfiguration$JpaWebConfiguration : spring.jpa.open-in-view is enabled by default. Therefore, database queries may be performed during view rendering. Explicitly configure spring.jpa.open-in-view to disable this warning
2024-03-25T08:39:13.682-07:00  INFO 12652 --- [restartedMain] o.s.b.a.w.s.WelcomePageHandlerMapping    : Adding welcome page template: index
2024-03-25T08:39:13.768-07:00  INFO 12652 --- [restartedMain] o.s.s.web.DefaultSecurityFilterChain     : Will secure any request with [org.springframework.security.web.session.DisableEncodeUrlFilter@14f15596, org.springframework.security.web.context.request.async.WebAsyncManagerIntegrationFilter@428e4958, org.springframework.security.web.context.SecurityContextHolderFilter@34b2ec9b, org.springframework.security.web.header.HeaderWriterFilter@23c73a5e, org.springframework.web.filter.CorsFilter@33166e95, org.springframework.security.web.authentication.logout.LogoutFilter@2125e1bd, org.springframework.security.web.authentication.UsernamePasswordAuthenticationFilter@95f06ca, org.springframework.security.web.savedrequest.RequestCacheAwareFilter@63932814, org.springframework.security.web.servletapi.SecurityContextHolderAwareRequestFilter@28cf21f4, org.springframework.security.web.authentication.AnonymousAuthenticationFilter@3aa7775b, org.springframework.security.web.access.ExceptionTranslationFilter@4984929c, org.springframework.security.web.access.intercept.AuthorizationFilter@42d29f77]
2024-03-25T08:39:13.879-07:00  INFO 12652 --- [restartedMain] o.s.b.d.a.OptionalLiveReloadServer       : LiveReload server is running on port 35729
2024-03-25T08:39:13.902-07:00  INFO 12652 --- [restartedMain] o.s.b.w.embedded.tomcat.TomcatWebServer  : Tomcat started on port 8080 (http) with context path ''
2024-03-25T08:39:13.907-07:00  INFO 12652 --- [restartedMain] o.j.iScheduler.ISchedulerApplication     : Started ISchedulerApplication in 2.545 seconds (process running for 2.854)
2024-03-25T08:39:16.010-07:00  INFO 12652 --- [SpringApplicationShutdownHook] j.LocalContainerEntityManagerFactoryBean : Closing JPA EntityManagerFactory for persistence unit 'default'
2024-03-25T08:39:16.012-07:00  INFO 12652 --- [SpringApplicationShutdownHook] com.zaxxer.hikari.HikariDataSource       : HikariPool-1 - Shutdown initiated...
2024-03-25T08:39:16.022-07:00  INFO 12652 --- [SpringApplicationShutdownHook] com.zaxxer.hikari.HikariDataSource       : HikariPool-1 - Shutdown completed.
2024-03-25T08:39:39.213-07:00  INFO 22144 --- [restartedMain] o.j.iScheduler.ISchedulerApplication     : Starting ISchedulerApplication using Java 21.0.2 with PID 22144 (C:\Users\JLima\IdeaProjects\iScheduler\target\classes started by jlima in C:\Users\JLima\IdeaProjects\iScheduler)
2024-03-25T08:39:39.214-07:00  INFO 22144 --- [restartedMain] o.j.iScheduler.ISchedulerApplication     : No active profile set, falling back to 1 default profile: "default"
2024-03-25T08:39:39.235-07:00  INFO 22144 --- [restartedMain] .e.DevToolsPropertyDefaultsPostProcessor : Devtools property defaults active! Set 'spring.devtools.add-properties' to 'false' to disable
2024-03-25T08:39:39.235-07:00  INFO 22144 --- [restartedMain] .e.DevToolsPropertyDefaultsPostProcessor : For additional web related logging consider setting the 'logging.level.web' property to 'DEBUG'
2024-03-25T08:39:39.582-07:00  INFO 22144 --- [restartedMain] .s.d.r.c.RepositoryConfigurationDelegate : Bootstrapping Spring Data JPA repositories in DEFAULT mode.
2024-03-25T08:39:39.614-07:00  INFO 22144 --- [restartedMain] .s.d.r.c.RepositoryConfigurationDelegate : Finished Spring Data repository scanning in 28 ms. Found 4 JPA repository interfaces.
2024-03-25T08:39:39.901-07:00  INFO 22144 --- [restartedMain] o.s.b.w.embedded.tomcat.TomcatWebServer  : Tomcat initialized with port 8080 (http)
2024-03-25T08:39:39.908-07:00  INFO 22144 --- [restartedMain] o.apache.catalina.core.StandardService   : Starting service [Tomcat]
2024-03-25T08:39:39.908-07:00  INFO 22144 --- [restartedMain] o.apache.catalina.core.StandardEngine    : Starting Servlet engine: [Apache Tomcat/10.1.19]
2024-03-25T08:39:39.931-07:00  INFO 22144 --- [restartedMain] o.a.c.c.C.[Tomcat].[localhost].[/]       : Initializing Spring embedded WebApplicationContext
2024-03-25T08:39:39.932-07:00  INFO 22144 --- [restartedMain] w.s.c.ServletWebServerApplicationContext : Root WebApplicationContext: initialization completed in 697 ms
2024-03-25T08:39:40.014-07:00  INFO 22144 --- [restartedMain] o.hibernate.jpa.internal.util.LogHelper  : HHH000204: Processing PersistenceUnitInfo [name: default]
2024-03-25T08:39:40.038-07:00  INFO 22144 --- [restartedMain] org.hibernate.Version                    : HHH000412: Hibernate ORM core version 6.4.4.Final
2024-03-25T08:39:40.053-07:00  INFO 22144 --- [restartedMain] o.h.c.internal.RegionFactoryInitiator    : HHH000026: Second-level cache disabled
2024-03-25T08:39:40.166-07:00  INFO 22144 --- [restartedMain] o.s.o.j.p.SpringPersistenceUnitInfo      : No LoadTimeWeaver setup: ignoring JPA class transformer
2024-03-25T08:39:40.181-07:00  INFO 22144 --- [restartedMain] com.zaxxer.hikari.HikariDataSource       : HikariPool-1 - Starting...
2024-03-25T08:39:40.334-07:00  INFO 22144 --- [restartedMain] com.zaxxer.hikari.pool.HikariPool        : HikariPool-1 - Added connection com.mysql.cj.jdbc.ConnectionImpl@20f3d074
2024-03-25T08:39:40.335-07:00  INFO 22144 --- [restartedMain] com.zaxxer.hikari.HikariDataSource       : HikariPool-1 - Start completed.
2024-03-25T08:39:40.874-07:00  INFO 22144 --- [restartedMain] o.h.e.t.j.p.i.JtaPlatformInitiator       : HHH000489: No JTA platform available (set 'hibernate.transaction.jta.platform' to enable JTA platform integration)
2024-03-25T08:39:40.919-07:00  INFO 22144 --- [restartedMain] j.LocalContainerEntityManagerFactoryBean : Initialized JPA EntityManagerFactory for persistence unit 'default'
2024-03-25T08:39:40.923-07:00  INFO 22144 --- [restartedMain] f.a.AutowiredAnnotationBeanPostProcessor : Autowired annotation is not supported on static methods: public static org.springframework.security.crypto.password.PasswordEncoder org.jonlima.iScheduler.config.SpringSecurity.passwordEncoder()
2024-03-25T08:39:41.107-07:00  INFO 22144 --- [restartedMain] o.s.d.j.r.query.QueryEnhancerFactory     : Hibernate is in classpath; If applicable, HQL parser will be used.
2024-03-25T08:39:41.308-07:00  WARN 22144 --- [restartedMain] JpaBaseConfiguration$JpaWebConfiguration : spring.jpa.open-in-view is enabled by default. Therefore, database queries may be performed during view rendering. Explicitly configure spring.jpa.open-in-view to disable this warning
2024-03-25T08:39:41.355-07:00  INFO 22144 --- [restartedMain] o.s.b.a.w.s.WelcomePageHandlerMapping    : Adding welcome page template: index
2024-03-25T08:39:41.438-07:00  INFO 22144 --- [restartedMain] o.s.s.web.DefaultSecurityFilterChain     : Will secure any request with [org.springframework.security.web.session.DisableEncodeUrlFilter@59cb803b, org.springframework.security.web.context.request.async.WebAsyncManagerIntegrationFilter@7ad83385, org.springframework.security.web.context.SecurityContextHolderFilter@4f909c1, org.springframework.security.web.header.HeaderWriterFilter@4e97ff84, org.springframework.web.filter.CorsFilter@17234cb0, org.springframework.security.web.authentication.logout.LogoutFilter@4ab256ee, org.springframework.security.web.authentication.UsernamePasswordAuthenticationFilter@5c262608, org.springframework.security.web.savedrequest.RequestCacheAwareFilter@762b56d6, org.springframework.security.web.servletapi.SecurityContextHolderAwareRequestFilter@2b25cf2, org.springframework.security.web.authentication.AnonymousAuthenticationFilter@6bede712, org.springframework.security.web.access.ExceptionTranslationFilter@3ec5a15f, org.springframework.security.web.access.intercept.AuthorizationFilter@4b4e09f]
2024-03-25T08:39:41.560-07:00  INFO 22144 --- [restartedMain] o.s.b.d.a.OptionalLiveReloadServer       : LiveReload server is running on port 35729
2024-03-25T08:39:41.577-07:00  INFO 22144 --- [restartedMain] o.s.b.w.embedded.tomcat.TomcatWebServer  : Tomcat started on port 8080 (http) with context path ''
2024-03-25T08:39:41.581-07:00  INFO 22144 --- [restartedMain] o.j.iScheduler.ISchedulerApplication     : Started ISchedulerApplication in 2.556 seconds (process running for 2.871)
2024-03-25T08:39:43.593-07:00  INFO 22144 --- [http-nio-8080-exec-1] o.a.c.c.C.[Tomcat].[localhost].[/]       : Initializing Spring DispatcherServlet 'dispatcherServlet'
2024-03-25T08:39:43.593-07:00  INFO 22144 --- [http-nio-8080-exec-1] o.s.web.servlet.DispatcherServlet        : Initializing Servlet 'dispatcherServlet'
2024-03-25T08:39:43.593-07:00  INFO 22144 --- [http-nio-8080-exec-1] o.s.web.servlet.DispatcherServlet        : Completed initialization in 0 ms
